<?xml version="1.0" encoding="UTF-8"?>
<!-- Generated by org.testng.reporters.JUnitXMLReporter -->
<testsuite ignored="0" hostname="RST8" failures="0" tests="3" name="TestCase" time="67.682" errors="0" timestamp="2021-09-11T11:35:14 IST">
  <testcase classname="testScripts.TC_001_Registration" name="Registration" time="16.019"/>
  <testcase classname="testScripts.TC_002_Login" name="loginTest" time="11.411"/>
  <testcase classname="testScripts.TC_003_SearchProduct" name="searchTest" time="12.305"/>
</testsuite> <!-- TestCase -->
