<?xml version="1.0" encoding="UTF-8"?>
<testng-results ignored="0" total="1" passed="1" failed="0" skipped="0">
  <reporter-output>
  </reporter-output>
  <suite started-at="2021-07-06T16:40:37 IST" name="Default suite" finished-at="2021-07-06T16:41:00 IST" duration-ms="23236">
    <groups>
    </groups>
    <test started-at="2021-07-06T16:40:37 IST" name="Default test" finished-at="2021-07-06T16:41:00 IST" duration-ms="23236">
      <class name="testScripts.TC_001_Registration">
        <test-method is-config="true" signature="setup()[pri:0, instance:testScripts.TC_001_Registration@45099dd3]" started-at="2021-07-06T16:40:37 IST" name="setup" finished-at="2021-07-06T16:40:43 IST" duration-ms="6563" status="PASS">
          <reporter-output>
          </reporter-output>
        </test-method> <!-- setup -->
        <test-method signature="Registration()[pri:0, instance:testScripts.TC_001_Registration@45099dd3]" started-at="2021-07-06T16:40:43 IST" name="Registration" finished-at="2021-07-06T16:40:57 IST" duration-ms="13903" status="PASS">
          <reporter-output>
          </reporter-output>
        </test-method> <!-- Registration -->
        <test-method is-config="true" signature="tearDown()[pri:0, instance:testScripts.TC_001_Registration@45099dd3]" started-at="2021-07-06T16:40:57 IST" name="tearDown" finished-at="2021-07-06T16:41:00 IST" duration-ms="2720" status="PASS">
          <reporter-output>
          </reporter-output>
        </test-method> <!-- tearDown -->
      </class> <!-- testScripts.TC_001_Registration -->
    </test> <!-- Default test -->
  </suite> <!-- Default suite -->
</testng-results>
